 BATHY_CORRECTION DOES NOT EXIST. USE DEFAULT VALUE
 PLOT_START_TIME DOES NOT EXIST. USE DEFAULT VALUE
         PLOT_START_TIME Default:  0.0 s
 StationOutputBuffer DOES NOT EXIST. USE DEFAULT VALUE
                             StationOutputBuffer not specified, use default:1000
 INI_UVZ DOES NOT EXIST. USE DEFAULT VALUE
 WaterLevel DOES NOT EXIST. USE DEFAULT VALUE
 ETA_LIMITER DOES NOT EXIST. USE DEFAULT VALUE
 EqualEnergy DOES NOT EXIST. USE DEFAULT VALUE
                   DIRECT_SPONGE IS USED
                 FRICTION_SPONGE IS USED
 WaveMakerCd DOES NOT EXIST. USE DEFAULT VALUE
 OBSTACLE_FILE DOES NOT EXIST. USE DEFAULT VALUE
 BREAKWATER_FILE DOES NOT EXIST. USE DEFAULT VALUE
 BreakWaterAbsorbCoef DOES NOT EXIST. USE DEFAULT VALUE
     BreakWaterAbsorbCoef Default:  10.0
 DISPERSION DOES NOT EXIST. USE DEFAULT VALUE
         DISPERSION Default:  DISPERSION
 Gamma1 DOES NOT EXIST. USE DEFAULT VALUE
        Gamma1 Default:  1.0: DISPERSION
 Gamma2 DOES NOT EXIST. USE DEFAULT VALUE
              Gamma2 Default:  1.0: Full nonlinear
 Beta_ref DOES NOT EXIST. USE DEFAULT VALUE
               Beta_ref Default:  -0.531
 Gamma3 DOES NOT EXIST. USE DEFAULT VALUE
                      Gamma3 Default:  1.0: NOT fully linear
 SWE_ETA_DEP DOES NOT EXIST. USE DEFAULT VALUE
               SWE_ETA_DEP Default:  0.8
 FRICTION_MATRIX DOES NOT EXIST. USE DEFAULT VALUE
             Friction_Matrix Default:  constant Cd
 Time_Scheme DOES NOT EXIST. USE DEFAULT VALUE
       Time_Scheme Default:  Runge_Kutta
 CONSTRUCTION DOES NOT EXIST. USE DEFAULT VALUE
 HIGH_ORDER DOES NOT EXIST. USE DEFAULT VALUE
  HIGH_ORDER                     NOT DEFINED, USE FOURTH-ORDER
 DT_fixed DOES NOT EXIST. USE DEFAULT VALUE
 OUT_Time DOES NOT EXIST. USE DEFAULT VALUE
                               Dont record wave arrival time
 ROLLER_EFFECT DOES NOT EXIST. USE DEFAULT VALUE
                      ROLLER_EFFECT:  NO
 WAVEMAKER_Cbrk DOES NOT EXIST. USE DEFAULT VALUE
            WAVEMAKER_Cbrk Default:  1.0
 WAVEMAKER_VIS DOES NOT EXIST. USE DEFAULT VALUE
           WAVEMAKER_VIS Default:  FALSE
 C_smg DOES NOT EXIST. USE DEFAULT VALUE
                     C_smg Default:  0.0
 nu_bkg DOES NOT EXIST. USE DEFAULT VALUE
                    nu_bkg Default:  0.0
 FIELD_IO_TYPE DOES NOT EXIST. USE DEFAULT VALUE
 OUTPUT_RES DOES NOT EXIST. USE DEFAULT VALUE
         OUTPUT_RES NOT FOUND, OUTPUT_RES=1: full resolution
 ROLLER DOES NOT EXIST. USE DEFAULT VALUE
 UNDERTOW DOES NOT EXIST. USE DEFAULT VALUE
 OUT_NU DOES NOT EXIST. USE DEFAULT VALUE
 Radiation DOES NOT EXIST. USE DEFAULT VALUE
      EtaBlowVal Default:  100xmax_depth
 Time_ramp DOES NOT EXIST. USE DEFAULT VALUE
                 Time_ramp Default:  0.0
 Ywidth_WK DOES NOT EXIST. USE DEFAULT VALUE
                         Ywidth_WK Default:  LARGE
 alpha_c DOES NOT EXIST. USE DEFAULT VALUE
                  Wave Coherence Percentage:  0.0%
 Number of distinct freqs:        1125
 TIDAL_BC DOES NOT EXIST. USE DEFAULT VALUE
                                            TIDAL_BC not defined, Default: False
 ----------------- STATISTICS ----------------
  TIME        DT
  0.0000E+00  0.0000E+00
  MassVolume  Energy      MaxEta      MinEta      Max U       Max V 
  0.0000E+00  0.1688E+04  0.2149E+00  0.0000E+00  0.0000E+00  0.0000E+00
  MaxTotalU   PhaseS      Froude      WetDryMass
  0.0000E+00  0.9905E-01  0.0000E+00  0.0000E+00
   PRINTING FILE NO.     0  TIME/TOTAL:        0.000 /    1500.000
   PRINTING FILE NO.     1  TIME/TOTAL:        2.002 /    1500.000
   PRINTING FILE NO.     2  TIME/TOTAL:        4.000 /    1500.000
   PRINTING FILE NO.     3  TIME/TOTAL:        6.001 /    1500.000
   PRINTING FILE NO.     4  TIME/TOTAL:        8.001 /    1500.000
   PRINTING FILE NO.     5  TIME/TOTAL:       10.001 /    1500.000
   PRINTING FILE NO.     6  TIME/TOTAL:       12.000 /    1500.000
   PRINTING FILE NO.     7  TIME/TOTAL:       14.002 /    1500.000
   PRINTING FILE NO.     8  TIME/TOTAL:       16.001 /    1500.000
   PRINTING FILE NO.     9  TIME/TOTAL:       18.002 /    1500.000
  PRINTING MEAN FILE     1
   PRINTING FILE NO.    10  TIME/TOTAL:       20.001 /    1500.000
   PRINTING FILE NO.    11  TIME/TOTAL:       22.002 /    1500.000
   PRINTING FILE NO.    12  TIME/TOTAL:       24.001 /    1500.000
   PRINTING FILE NO.    13  TIME/TOTAL:       26.001 /    1500.000
   PRINTING FILE NO.    14  TIME/TOTAL:       28.001 /    1500.000
  PRINTING MEAN FILE     2
   PRINTING FILE NO.    15  TIME/TOTAL:       30.000 /    1500.000
   PRINTING FILE NO.    16  TIME/TOTAL:       32.001 /    1500.000
   PRINTING FILE NO.    17  TIME/TOTAL:       34.000 /    1500.000
   PRINTING FILE NO.    18  TIME/TOTAL:       36.001 /    1500.000
   PRINTING FILE NO.    19  TIME/TOTAL:       38.000 /    1500.000
  PRINTING MEAN FILE     3
   PRINTING FILE NO.    20  TIME/TOTAL:       40.001 /    1500.000
   PRINTING FILE NO.    21  TIME/TOTAL:       42.002 /    1500.000
   PRINTING FILE NO.    22  TIME/TOTAL:       44.001 /    1500.000
   PRINTING FILE NO.    23  TIME/TOTAL:       46.000 /    1500.000
   PRINTING FILE NO.    24  TIME/TOTAL:       48.001 /    1500.000
  PRINTING MEAN FILE     4
   PRINTING FILE NO.    25  TIME/TOTAL:       50.001 /    1500.000
   PRINTING FILE NO.    26  TIME/TOTAL:       52.001 /    1500.000
   PRINTING FILE NO.    27  TIME/TOTAL:       54.002 /    1500.000
   PRINTING FILE NO.    28  TIME/TOTAL:       56.001 /    1500.000
   PRINTING FILE NO.    29  TIME/TOTAL:       58.001 /    1500.000
  PRINTING MEAN FILE     5
   PRINTING FILE NO.    30  TIME/TOTAL:       60.001 /    1500.000
   PRINTING FILE NO.    31  TIME/TOTAL:       62.001 /    1500.000
   PRINTING FILE NO.    32  TIME/TOTAL:       64.002 /    1500.000
   PRINTING FILE NO.    33  TIME/TOTAL:       66.003 /    1500.000
   PRINTING FILE NO.    34  TIME/TOTAL:       68.003 /    1500.000
  PRINTING MEAN FILE     6
   PRINTING FILE NO.    35  TIME/TOTAL:       70.003 /    1500.000
   PRINTING FILE NO.    36  TIME/TOTAL:       72.001 /    1500.000
   PRINTING FILE NO.    37  TIME/TOTAL:       74.001 /    1500.000
   PRINTING FILE NO.    38  TIME/TOTAL:       76.001 /    1500.000
   PRINTING FILE NO.    39  TIME/TOTAL:       78.001 /    1500.000
  PRINTING MEAN FILE     7
   PRINTING FILE NO.    40  TIME/TOTAL:       80.001 /    1500.000
   PRINTING FILE NO.    41  TIME/TOTAL:       82.001 /    1500.000
   PRINTING FILE NO.    42  TIME/TOTAL:       84.001 /    1500.000
   PRINTING FILE NO.    43  TIME/TOTAL:       86.002 /    1500.000
   PRINTING FILE NO.    44  TIME/TOTAL:       88.003 /    1500.000
  PRINTING MEAN FILE     8
   PRINTING FILE NO.    45  TIME/TOTAL:       90.002 /    1500.000
   PRINTING FILE NO.    46  TIME/TOTAL:       92.003 /    1500.000
   PRINTING FILE NO.    47  TIME/TOTAL:       94.001 /    1500.000
   PRINTING FILE NO.    48  TIME/TOTAL:       96.002 /    1500.000
   PRINTING FILE NO.    49  TIME/TOTAL:       98.001 /    1500.000
  PRINTING MEAN FILE     9
 ----------------- STATISTICS ----------------
  TIME        DT
  0.1000E+03  0.2642E-02
  MassVolume  Energy      MaxEta      MinEta      Max U       Max V 
 -0.1777E+01  0.1665E+04  0.2237E+00 -0.2807E+00  0.1043E+01  0.6752E+00
  MaxTotalU   PhaseS      Froude      WetDryMass
  0.1081E+01  0.1081E+01  0.1000E+01 -0.1552E+00
 WRITE OUT STATAION ...
 WRITE OUT STATAION ...
 WRITE OUT STATAION ...
 WRITE OUT STATAION ...
 WRITE OUT STATAION ...
 WRITE OUT STATAION ...
   PRINTING FILE NO.    50  TIME/TOTAL:      100.002 /    1500.000
   PRINTING FILE NO.    51  TIME/TOTAL:      102.001 /    1500.000
   PRINTING FILE NO.    52  TIME/TOTAL:      104.002 /    1500.000
   PRINTING FILE NO.    53  TIME/TOTAL:      106.003 /    1500.000
   PRINTING FILE NO.    54  TIME/TOTAL:      108.002 /    1500.000
  PRINTING MEAN FILE    10
   PRINTING FILE NO.    55  TIME/TOTAL:      110.002 /    1500.000
   PRINTING FILE NO.    56  TIME/TOTAL:      112.001 /    1500.000
   PRINTING FILE NO.    57  TIME/TOTAL:      114.001 /    1500.000
   PRINTING FILE NO.    58  TIME/TOTAL:      116.003 /    1500.000
   PRINTING FILE NO.    59  TIME/TOTAL:      118.002 /    1500.000
  PRINTING MEAN FILE    11
   PRINTING FILE NO.    60  TIME/TOTAL:      120.003 /    1500.000
   PRINTING FILE NO.    61  TIME/TOTAL:      122.001 /    1500.000
   PRINTING FILE NO.    62  TIME/TOTAL:      124.003 /    1500.000
   PRINTING FILE NO.    63  TIME/TOTAL:      126.002 /    1500.000
   PRINTING FILE NO.    64  TIME/TOTAL:      128.002 /    1500.000
  PRINTING MEAN FILE    12
   PRINTING FILE NO.    65  TIME/TOTAL:      130.002 /    1500.000
   PRINTING FILE NO.    66  TIME/TOTAL:      132.003 /    1500.000
   PRINTING FILE NO.    67  TIME/TOTAL:      134.001 /    1500.000
   PRINTING FILE NO.    68  TIME/TOTAL:      136.003 /    1500.000
   PRINTING FILE NO.    69  TIME/TOTAL:      138.002 /    1500.000
  PRINTING MEAN FILE    13
   PRINTING FILE NO.    70  TIME/TOTAL:      140.002 /    1500.000
   PRINTING FILE NO.    71  TIME/TOTAL:      142.004 /    1500.000
   PRINTING FILE NO.    72  TIME/TOTAL:      144.002 /    1500.000
   PRINTING FILE NO.    73  TIME/TOTAL:      146.003 /    1500.000
   PRINTING FILE NO.    74  TIME/TOTAL:      148.001 /    1500.000
  PRINTING MEAN FILE    14
   PRINTING FILE NO.    75  TIME/TOTAL:      150.002 /    1500.000
   PRINTING FILE NO.    76  TIME/TOTAL:      152.003 /    1500.000
   PRINTING FILE NO.    77  TIME/TOTAL:      154.003 /    1500.000
   PRINTING FILE NO.    78  TIME/TOTAL:      156.004 /    1500.000
   PRINTING FILE NO.    79  TIME/TOTAL:      158.003 /    1500.000
  PRINTING MEAN FILE    15
   PRINTING FILE NO.    80  TIME/TOTAL:      160.004 /    1500.000
   PRINTING FILE NO.    81  TIME/TOTAL:      162.002 /    1500.000
   PRINTING FILE NO.    82  TIME/TOTAL:      164.003 /    1500.000
   PRINTING FILE NO.    83  TIME/TOTAL:      166.005 /    1500.000
   PRINTING FILE NO.    84  TIME/TOTAL:      168.005 /    1500.000
  PRINTING MEAN FILE    16
   PRINTING FILE NO.    85  TIME/TOTAL:      170.004 /    1500.000
   PRINTING FILE NO.    86  TIME/TOTAL:      172.004 /    1500.000
   PRINTING FILE NO.    87  TIME/TOTAL:      174.004 /    1500.000
   PRINTING FILE NO.    88  TIME/TOTAL:      176.005 /    1500.000
   PRINTING FILE NO.    89  TIME/TOTAL:      178.005 /    1500.000
  PRINTING MEAN FILE    17
   PRINTING FILE NO.    90  TIME/TOTAL:      180.004 /    1500.000
   PRINTING FILE NO.    91  TIME/TOTAL:      182.004 /    1500.000
   PRINTING FILE NO.    92  TIME/TOTAL:      184.005 /    1500.000
   PRINTING FILE NO.    93  TIME/TOTAL:      186.006 /    1500.000
   PRINTING FILE NO.    94  TIME/TOTAL:      188.006 /    1500.000
  PRINTING MEAN FILE    18
   PRINTING FILE NO.    95  TIME/TOTAL:      190.006 /    1500.000
   PRINTING FILE NO.    96  TIME/TOTAL:      192.007 /    1500.000
   PRINTING FILE NO.    97  TIME/TOTAL:      194.006 /    1500.000
   PRINTING FILE NO.    98  TIME/TOTAL:      196.005 /    1500.000
   PRINTING FILE NO.    99  TIME/TOTAL:      198.006 /    1500.000
  PRINTING MEAN FILE    19
   PRINTING FILE NO.   100  TIME/TOTAL:      200.005 /    1500.000
 ----------------- STATISTICS ----------------
  TIME        DT
  0.2000E+03  0.2544E-02
  MassVolume  Energy      MaxEta      MinEta      Max U       Max V 
  0.6660E+00  0.1684E+04  0.2460E+00 -0.2849E+00  0.7707E+00  0.5459E+00
  MaxTotalU   PhaseS      Froude      WetDryMass
  0.7855E+00  0.1695E+01  0.4634E+00 -0.1912E+00
 WRITE OUT STATAION ...
 WRITE OUT STATAION ...
 WRITE OUT STATAION ...
 WRITE OUT STATAION ...
 WRITE OUT STATAION ...
 WRITE OUT STATAION ...
   PRINTING FILE NO.   101  TIME/TOTAL:      202.006 /    1500.000
   PRINTING FILE NO.   102  TIME/TOTAL:      204.005 /    1500.000
   PRINTING FILE NO.   103  TIME/TOTAL:      206.007 /    1500.000
   PRINTING FILE NO.   104  TIME/TOTAL:      208.006 /    1500.000
  PRINTING MEAN FILE    20
   PRINTING FILE NO.   105  TIME/TOTAL:      210.005 /    1500.000
   PRINTING FILE NO.   106  TIME/TOTAL:      212.006 /    1500.000
   PRINTING FILE NO.   107  TIME/TOTAL:      214.004 /    1500.000
   PRINTING FILE NO.   108  TIME/TOTAL:      216.005 /    1500.000
   PRINTING FILE NO.   109  TIME/TOTAL:      218.006 /    1500.000
  PRINTING MEAN FILE    21
   PRINTING FILE NO.   110  TIME/TOTAL:      220.006 /    1500.000
   PRINTING FILE NO.   111  TIME/TOTAL:      222.005 /    1500.000
   PRINTING FILE NO.   112  TIME/TOTAL:      224.008 /    1500.000
   PRINTING FILE NO.   113  TIME/TOTAL:      226.006 /    1500.000
   PRINTING FILE NO.   114  TIME/TOTAL:      228.007 /    1500.000
  PRINTING MEAN FILE    22
   PRINTING FILE NO.   115  TIME/TOTAL:      230.008 /    1500.000
   PRINTING FILE NO.   116  TIME/TOTAL:      232.006 /    1500.000
   PRINTING FILE NO.   117  TIME/TOTAL:      234.008 /    1500.000
   PRINTING FILE NO.   118  TIME/TOTAL:      236.008 /    1500.000
   PRINTING FILE NO.   119  TIME/TOTAL:      238.007 /    1500.000
  PRINTING MEAN FILE    23
   PRINTING FILE NO.   120  TIME/TOTAL:      240.007 /    1500.000
   PRINTING FILE NO.   121  TIME/TOTAL:      242.008 /    1500.000
   PRINTING FILE NO.   122  TIME/TOTAL:      244.007 /    1500.000
   PRINTING FILE NO.   123  TIME/TOTAL:      246.007 /    1500.000
   PRINTING FILE NO.   124  TIME/TOTAL:      248.007 /    1500.000
  PRINTING MEAN FILE    24
   PRINTING FILE NO.   125  TIME/TOTAL:      250.007 /    1500.000
   PRINTING FILE NO.   126  TIME/TOTAL:      252.006 /    1500.000
   PRINTING FILE NO.   127  TIME/TOTAL:      254.008 /    1500.000
   PRINTING FILE NO.   128  TIME/TOTAL:      256.007 /    1500.000
   PRINTING FILE NO.   129  TIME/TOTAL:      258.009 /    1500.000
  PRINTING MEAN FILE    25
   PRINTING FILE NO.   130  TIME/TOTAL:      260.007 /    1500.000
   PRINTING FILE NO.   131  TIME/TOTAL:      262.008 /    1500.000
   PRINTING FILE NO.   132  TIME/TOTAL:      264.008 /    1500.000
   PRINTING FILE NO.   133  TIME/TOTAL:      266.008 /    1500.000
   PRINTING FILE NO.   134  TIME/TOTAL:      268.009 /    1500.000
  PRINTING MEAN FILE    26
   PRINTING FILE NO.   135  TIME/TOTAL:      270.008 /    1500.000
   PRINTING FILE NO.   136  TIME/TOTAL:      272.009 /    1500.000
   PRINTING FILE NO.   137  TIME/TOTAL:      274.009 /    1500.000
   PRINTING FILE NO.   138  TIME/TOTAL:      276.011 /    1500.000
   PRINTING FILE NO.   139  TIME/TOTAL:      278.011 /    1500.000
  PRINTING MEAN FILE    27
   PRINTING FILE NO.   140  TIME/TOTAL:      280.011 /    1500.000
   PRINTING FILE NO.   141  TIME/TOTAL:      282.010 /    1500.000
   PRINTING FILE NO.   142  TIME/TOTAL:      284.014 /    1500.000
   PRINTING FILE NO.   143  TIME/TOTAL:      286.014 /    1500.000
   PRINTING FILE NO.   144  TIME/TOTAL:      288.013 /    1500.000
  PRINTING MEAN FILE    28
   PRINTING FILE NO.   145  TIME/TOTAL:      290.014 /    1500.000
   PRINTING FILE NO.   146  TIME/TOTAL:      292.014 /    1500.000
   PRINTING FILE NO.   147  TIME/TOTAL:      294.013 /    1500.000
   PRINTING FILE NO.   148  TIME/TOTAL:      296.015 /    1500.000
   PRINTING FILE NO.   149  TIME/TOTAL:      298.014 /    1500.000
  PRINTING MEAN FILE    29
 ----------------- STATISTICS ----------------
  TIME        DT
  0.3000E+03  0.2683E-02
  MassVolume  Energy      MaxEta      MinEta      Max U       Max V 
  0.4815E+00  0.1684E+04  0.2149E+00 -0.1671E+00  0.1058E+01  0.7686E+00
  MaxTotalU   PhaseS      Froude      WetDryMass
  0.1062E+01  0.1062E+01  0.1000E+01 -0.2149E+00
   PRINTING FILE NO.   150  TIME/TOTAL:      300.017 /    1500.000
 WRITE OUT STATAION ...
 WRITE OUT STATAION ...
 WRITE OUT STATAION ...
 WRITE OUT STATAION ...
 WRITE OUT STATAION ...
 WRITE OUT STATAION ...
   PRINTING FILE NO.   151  TIME/TOTAL:      302.015 /    1500.000
   PRINTING FILE NO.   152  TIME/TOTAL:      304.017 /    1500.000
   PRINTING FILE NO.   153  TIME/TOTAL:      306.015 /    1500.000
   PRINTING FILE NO.   154  TIME/TOTAL:      308.014 /    1500.000
  PRINTING MEAN FILE    30
   PRINTING FILE NO.   155  TIME/TOTAL:      310.014 /    1500.000
   PRINTING FILE NO.   156  TIME/TOTAL:      312.013 /    1500.000
   PRINTING FILE NO.   157  TIME/TOTAL:      314.014 /    1500.000
   PRINTING FILE NO.   158  TIME/TOTAL:      316.014 /    1500.000
   PRINTING FILE NO.   159  TIME/TOTAL:      318.013 /    1500.000
  PRINTING MEAN FILE    31
   PRINTING FILE NO.   160  TIME/TOTAL:      320.013 /    1500.000
   PRINTING FILE NO.   161  TIME/TOTAL:      322.012 /    1500.000
   PRINTING FILE NO.   162  TIME/TOTAL:      324.013 /    1500.000
   PRINTING FILE NO.   163  TIME/TOTAL:      326.014 /    1500.000
   PRINTING FILE NO.   164  TIME/TOTAL:      328.015 /    1500.000
  PRINTING MEAN FILE    32
   PRINTING FILE NO.   165  TIME/TOTAL:      330.015 /    1500.000
   PRINTING FILE NO.   166  TIME/TOTAL:      332.014 /    1500.000
   PRINTING FILE NO.   167  TIME/TOTAL:      334.013 /    1500.000
   PRINTING FILE NO.   168  TIME/TOTAL:      336.013 /    1500.000
   PRINTING FILE NO.   169  TIME/TOTAL:      338.015 /    1500.000
  PRINTING MEAN FILE    33
   PRINTING FILE NO.   170  TIME/TOTAL:      340.016 /    1500.000
   PRINTING FILE NO.   171  TIME/TOTAL:      342.016 /    1500.000
   PRINTING FILE NO.   172  TIME/TOTAL:      344.016 /    1500.000
   PRINTING FILE NO.   173  TIME/TOTAL:      346.014 /    1500.000
   PRINTING FILE NO.   174  TIME/TOTAL:      348.014 /    1500.000
  PRINTING MEAN FILE    34
   PRINTING FILE NO.   175  TIME/TOTAL:      350.014 /    1500.000
   PRINTING FILE NO.   176  TIME/TOTAL:      352.011 /    1500.000
   PRINTING FILE NO.   177  TIME/TOTAL:      354.010 /    1500.000
   PRINTING FILE NO.   178  TIME/TOTAL:      356.011 /    1500.000
   PRINTING FILE NO.   179  TIME/TOTAL:      358.012 /    1500.000
  PRINTING MEAN FILE    35
   PRINTING FILE NO.   180  TIME/TOTAL:      360.012 /    1500.000
   PRINTING FILE NO.   181  TIME/TOTAL:      362.012 /    1500.000
   PRINTING FILE NO.   182  TIME/TOTAL:      364.012 /    1500.000
   PRINTING FILE NO.   183  TIME/TOTAL:      366.011 /    1500.000
   PRINTING FILE NO.   184  TIME/TOTAL:      368.011 /    1500.000
  PRINTING MEAN FILE    36
   PRINTING FILE NO.   185  TIME/TOTAL:      370.011 /    1500.000
   PRINTING FILE NO.   186  TIME/TOTAL:      372.010 /    1500.000
   PRINTING FILE NO.   187  TIME/TOTAL:      374.009 /    1500.000
   PRINTING FILE NO.   188  TIME/TOTAL:      376.010 /    1500.000
   PRINTING FILE NO.   189  TIME/TOTAL:      378.008 /    1500.000
  PRINTING MEAN FILE    37
   PRINTING FILE NO.   190  TIME/TOTAL:      380.009 /    1500.000
   PRINTING FILE NO.   191  TIME/TOTAL:      382.009 /    1500.000
   PRINTING FILE NO.   192  TIME/TOTAL:      384.007 /    1500.000
   PRINTING FILE NO.   193  TIME/TOTAL:      386.007 /    1500.000
   PRINTING FILE NO.   194  TIME/TOTAL:      388.010 /    1500.000
  PRINTING MEAN FILE    38
   PRINTING FILE NO.   195  TIME/TOTAL:      390.008 /    1500.000
   PRINTING FILE NO.   196  TIME/TOTAL:      392.009 /    1500.000
   PRINTING FILE NO.   197  TIME/TOTAL:      394.007 /    1500.000
   PRINTING FILE NO.   198  TIME/TOTAL:      396.009 /    1500.000
   PRINTING FILE NO.   199  TIME/TOTAL:      398.010 /    1500.000
  PRINTING MEAN FILE    39
   PRINTING FILE NO.   200  TIME/TOTAL:      400.007 /    1500.000
 ----------------- STATISTICS ----------------
  TIME        DT
  0.4000E+03  0.2625E-02
  MassVolume  Energy      MaxEta      MinEta      Max U       Max V 
 -0.7393E+00  0.1670E+04  0.2371E+00 -0.2230E+00  0.8462E+00  0.6992E+00
  MaxTotalU   PhaseS      Froude      WetDryMass
  0.1012E+01  0.1242E+01  0.8146E+00 -0.1367E+00
 WRITE OUT STATAION ...
 WRITE OUT STATAION ...
 WRITE OUT STATAION ...
 WRITE OUT STATAION ...
 WRITE OUT STATAION ...
 WRITE OUT STATAION ...
   PRINTING FILE NO.   201  TIME/TOTAL:      402.009 /    1500.000
   PRINTING FILE NO.   202  TIME/TOTAL:      404.009 /    1500.000
   PRINTING FILE NO.   203  TIME/TOTAL:      406.008 /    1500.000
   PRINTING FILE NO.   204  TIME/TOTAL:      408.011 /    1500.000
  PRINTING MEAN FILE    40
   PRINTING FILE NO.   205  TIME/TOTAL:      410.011 /    1500.000
   PRINTING FILE NO.   206  TIME/TOTAL:      412.012 /    1500.000
   PRINTING FILE NO.   207  TIME/TOTAL:      414.012 /    1500.000
   PRINTING FILE NO.   208  TIME/TOTAL:      416.014 /    1500.000
   PRINTING FILE NO.   209  TIME/TOTAL:      418.014 /    1500.000
  PRINTING MEAN FILE    41
   PRINTING FILE NO.   210  TIME/TOTAL:      420.014 /    1500.000
   PRINTING FILE NO.   211  TIME/TOTAL:      422.014 /    1500.000
   PRINTING FILE NO.   212  TIME/TOTAL:      424.015 /    1500.000
   PRINTING FILE NO.   213  TIME/TOTAL:      426.016 /    1500.000
   PRINTING FILE NO.   214  TIME/TOTAL:      428.015 /    1500.000
  PRINTING MEAN FILE    42
   PRINTING FILE NO.   215  TIME/TOTAL:      430.015 /    1500.000
   PRINTING FILE NO.   216  TIME/TOTAL:      432.015 /    1500.000
   PRINTING FILE NO.   217  TIME/TOTAL:      434.016 /    1500.000
   PRINTING FILE NO.   218  TIME/TOTAL:      436.014 /    1500.000
   PRINTING FILE NO.   219  TIME/TOTAL:      438.014 /    1500.000
  PRINTING MEAN FILE    43
   PRINTING FILE NO.   220  TIME/TOTAL:      440.016 /    1500.000
   PRINTING FILE NO.   221  TIME/TOTAL:      442.014 /    1500.000
   PRINTING FILE NO.   222  TIME/TOTAL:      444.013 /    1500.000
   PRINTING FILE NO.   223  TIME/TOTAL:      446.015 /    1500.000
   PRINTING FILE NO.   224  TIME/TOTAL:      448.015 /    1500.000
  PRINTING MEAN FILE    44
   PRINTING FILE NO.   225  TIME/TOTAL:      450.016 /    1500.000
   PRINTING FILE NO.   226  TIME/TOTAL:      452.017 /    1500.000
   PRINTING FILE NO.   227  TIME/TOTAL:      454.017 /    1500.000
   PRINTING FILE NO.   228  TIME/TOTAL:      456.018 /    1500.000
   PRINTING FILE NO.   229  TIME/TOTAL:      458.017 /    1500.000
  PRINTING MEAN FILE    45
   PRINTING FILE NO.   230  TIME/TOTAL:      460.018 /    1500.000
   PRINTING FILE NO.   231  TIME/TOTAL:      462.016 /    1500.000
   PRINTING FILE NO.   232  TIME/TOTAL:      464.016 /    1500.000
   PRINTING FILE NO.   233  TIME/TOTAL:      466.016 /    1500.000
   PRINTING FILE NO.   234  TIME/TOTAL:      468.013 /    1500.000
  PRINTING MEAN FILE    46
   PRINTING FILE NO.   235  TIME/TOTAL:      470.015 /    1500.000
   PRINTING FILE NO.   236  TIME/TOTAL:      472.014 /    1500.000
   PRINTING FILE NO.   237  TIME/TOTAL:      474.013 /    1500.000
   PRINTING FILE NO.   238  TIME/TOTAL:      476.013 /    1500.000
   PRINTING FILE NO.   239  TIME/TOTAL:      478.014 /    1500.000
  PRINTING MEAN FILE    47
   PRINTING FILE NO.   240  TIME/TOTAL:      480.014 /    1500.000
   PRINTING FILE NO.   241  TIME/TOTAL:      482.016 /    1500.000
   PRINTING FILE NO.   242  TIME/TOTAL:      484.016 /    1500.000
   PRINTING FILE NO.   243  TIME/TOTAL:      486.015 /    1500.000
   PRINTING FILE NO.   244  TIME/TOTAL:      488.016 /    1500.000
  PRINTING MEAN FILE    48
   PRINTING FILE NO.   245  TIME/TOTAL:      490.016 /    1500.000
   PRINTING FILE NO.   246  TIME/TOTAL:      492.016 /    1500.000
   PRINTING FILE NO.   247  TIME/TOTAL:      494.015 /    1500.000
   PRINTING FILE NO.   248  TIME/TOTAL:      496.015 /    1500.000
   PRINTING FILE NO.   249  TIME/TOTAL:      498.014 /    1500.000
  PRINTING MEAN FILE    49
 ----------------- STATISTICS ----------------
  TIME        DT
  0.5000E+03  0.2692E-02
  MassVolume  Energy      MaxEta      MinEta      Max U       Max V 
  0.1796E+01  0.1693E+04  0.2251E+00 -0.2552E+00  0.1262E+01  0.7476E+00
  MaxTotalU   PhaseS      Froude      WetDryMass
  0.1292E+01  0.1996E+01  0.6471E+00 -0.1414E+00
   PRINTING FILE NO.   250  TIME/TOTAL:      500.013 /    1500.000
 WRITE OUT STATAION ...
 WRITE OUT STATAION ...
 WRITE OUT STATAION ...
 WRITE OUT STATAION ...
 WRITE OUT STATAION ...
 WRITE OUT STATAION ...
   PRINTING FILE NO.   251  TIME/TOTAL:      502.013 /    1500.000
   PRINTING FILE NO.   252  TIME/TOTAL:      504.015 /    1500.000
   PRINTING FILE NO.   253  TIME/TOTAL:      506.017 /    1500.000
   PRINTING FILE NO.   254  TIME/TOTAL:      508.015 /    1500.000
  PRINTING MEAN FILE    50
   PRINTING FILE NO.   255  TIME/TOTAL:      510.014 /    1500.000
   PRINTING FILE NO.   256  TIME/TOTAL:      512.013 /    1500.000
   PRINTING FILE NO.   257  TIME/TOTAL:      514.015 /    1500.000
   PRINTING FILE NO.   258  TIME/TOTAL:      516.022 /    1500.000
   PRINTING FILE NO.   259  TIME/TOTAL:      518.023 /    1500.000
  PRINTING MEAN FILE    51
   PRINTING FILE NO.   260  TIME/TOTAL:      520.025 /    1500.000
   PRINTING FILE NO.   261  TIME/TOTAL:      522.020 /    1500.000
   PRINTING FILE NO.   262  TIME/TOTAL:      524.026 /    1500.000
   PRINTING FILE NO.   263  TIME/TOTAL:      526.022 /    1500.000
   PRINTING FILE NO.   264  TIME/TOTAL:      528.022 /    1500.000
  PRINTING MEAN FILE    52
   PRINTING FILE NO.   265  TIME/TOTAL:      530.019 /    1500.000
   PRINTING FILE NO.   266  TIME/TOTAL:      532.024 /    1500.000
   PRINTING FILE NO.   267  TIME/TOTAL:      534.024 /    1500.000
   PRINTING FILE NO.   268  TIME/TOTAL:      536.027 /    1500.000
   PRINTING FILE NO.   269  TIME/TOTAL:      538.024 /    1500.000
  PRINTING MEAN FILE    53
   PRINTING FILE NO.   270  TIME/TOTAL:      540.019 /    1500.000
   PRINTING FILE NO.   271  TIME/TOTAL:      542.023 /    1500.000
   PRINTING FILE NO.   272  TIME/TOTAL:      544.022 /    1500.000
   PRINTING FILE NO.   273  TIME/TOTAL:      546.019 /    1500.000
   PRINTING FILE NO.   274  TIME/TOTAL:      548.016 /    1500.000
  PRINTING MEAN FILE    54
   PRINTING FILE NO.   275  TIME/TOTAL:      550.013 /    1500.000
   PRINTING FILE NO.   276  TIME/TOTAL:      552.015 /    1500.000
   PRINTING FILE NO.   277  TIME/TOTAL:      554.012 /    1500.000
   PRINTING FILE NO.   278  TIME/TOTAL:      556.010 /    1500.000
   PRINTING FILE NO.   279  TIME/TOTAL:      558.006 /    1500.000
  PRINTING MEAN FILE    55
   PRINTING FILE NO.   280  TIME/TOTAL:      560.009 /    1500.000
   PRINTING FILE NO.   281  TIME/TOTAL:      562.004 /    1500.000
   PRINTING FILE NO.   282  TIME/TOTAL:      564.006 /    1500.000
   PRINTING FILE NO.   283  TIME/TOTAL:      566.005 /    1500.000
   PRINTING FILE NO.   284  TIME/TOTAL:      568.009 /    1500.000
  PRINTING MEAN FILE    56
   PRINTING FILE NO.   285  TIME/TOTAL:      570.012 /    1500.000
   PRINTING FILE NO.   286  TIME/TOTAL:      572.013 /    1500.000
   PRINTING FILE NO.   287  TIME/TOTAL:      574.010 /    1500.000
   PRINTING FILE NO.   288  TIME/TOTAL:      576.009 /    1500.000
   PRINTING FILE NO.   289  TIME/TOTAL:      578.016 /    1500.000
  PRINTING MEAN FILE    57
   PRINTING FILE NO.   290  TIME/TOTAL:      580.015 /    1500.000
   PRINTING FILE NO.   291  TIME/TOTAL:      582.013 /    1500.000
   PRINTING FILE NO.   292  TIME/TOTAL:      584.014 /    1500.000
   PRINTING FILE NO.   293  TIME/TOTAL:      586.014 /    1500.000
   PRINTING FILE NO.   294  TIME/TOTAL:      588.009 /    1500.000
  PRINTING MEAN FILE    58
   PRINTING FILE NO.   295  TIME/TOTAL:      590.011 /    1500.000
   PRINTING FILE NO.   296  TIME/TOTAL:      592.012 /    1500.000
   PRINTING FILE NO.   297  TIME/TOTAL:      594.008 /    1500.000
   PRINTING FILE NO.   298  TIME/TOTAL:      596.008 /    1500.000
   PRINTING FILE NO.   299  TIME/TOTAL:      598.008 /    1500.000
  PRINTING MEAN FILE    59
 ----------------- STATISTICS ----------------
  TIME        DT
  0.6000E+03  0.2658E-02
  MassVolume  Energy      MaxEta      MinEta      Max U       Max V 
  0.1984E+01  0.1702E+04  0.2149E+00 -0.1685E+00  0.8615E+00  0.6788E+00
  MaxTotalU   PhaseS      Froude      WetDryMass
  0.8923E+00  0.1039E+01  0.8589E+00 -0.8157E-01
   PRINTING FILE NO.   300  TIME/TOTAL:      600.006 /    1500.000
 WRITE OUT STATAION ...
 WRITE OUT STATAION ...
 WRITE OUT STATAION ...
 WRITE OUT STATAION ...
 WRITE OUT STATAION ...
 WRITE OUT STATAION ...
   PRINTING FILE NO.   301  TIME/TOTAL:      602.009 /    1500.000
   PRINTING FILE NO.   302  TIME/TOTAL:      604.004 /    1500.000
   PRINTING FILE NO.   303  TIME/TOTAL:      606.006 /    1500.000
   PRINTING FILE NO.   304  TIME/TOTAL:      608.008 /    1500.000
  PRINTING MEAN FILE    60
   PRINTING FILE NO.   305  TIME/TOTAL:      610.008 /    1500.000
   PRINTING FILE NO.   306  TIME/TOTAL:      612.014 /    1500.000
   PRINTING FILE NO.   307  TIME/TOTAL:      614.013 /    1500.000
   PRINTING FILE NO.   308  TIME/TOTAL:      616.018 /    1500.000
   PRINTING FILE NO.   309  TIME/TOTAL:      618.017 /    1500.000
  PRINTING MEAN FILE    61
   PRINTING FILE NO.   310  TIME/TOTAL:      620.015 /    1500.000
   PRINTING FILE NO.   311  TIME/TOTAL:      622.018 /    1500.000
   PRINTING FILE NO.   312  TIME/TOTAL:      624.016 /    1500.000
   PRINTING FILE NO.   313  TIME/TOTAL:      626.018 /    1500.000
   PRINTING FILE NO.   314  TIME/TOTAL:      628.023 /    1500.000
  PRINTING MEAN FILE    62
   PRINTING FILE NO.   315  TIME/TOTAL:      630.018 /    1500.000
   PRINTING FILE NO.   316  TIME/TOTAL:      632.020 /    1500.000
   PRINTING FILE NO.   317  TIME/TOTAL:      634.021 /    1500.000
   PRINTING FILE NO.   318  TIME/TOTAL:      636.016 /    1500.000
   PRINTING FILE NO.   319  TIME/TOTAL:      638.019 /    1500.000
  PRINTING MEAN FILE    63
   PRINTING FILE NO.   320  TIME/TOTAL:      640.019 /    1500.000
   PRINTING FILE NO.   321  TIME/TOTAL:      642.022 /    1500.000
   PRINTING FILE NO.   322  TIME/TOTAL:      644.023 /    1500.000
   PRINTING FILE NO.   323  TIME/TOTAL:      646.029 /    1500.000
   PRINTING FILE NO.   324  TIME/TOTAL:      648.025 /    1500.000
  PRINTING MEAN FILE    64
   PRINTING FILE NO.   325  TIME/TOTAL:      650.032 /    1500.000
   PRINTING FILE NO.   326  TIME/TOTAL:      652.033 /    1500.000
   PRINTING FILE NO.   327  TIME/TOTAL:      654.035 /    1500.000
   PRINTING FILE NO.   328  TIME/TOTAL:      656.043 /    1500.000
   PRINTING FILE NO.   329  TIME/TOTAL:      658.045 /    1500.000
  PRINTING MEAN FILE    65
   PRINTING FILE NO.   330  TIME/TOTAL:      660.044 /    1500.000
   PRINTING FILE NO.   331  TIME/TOTAL:      662.044 /    1500.000
   PRINTING FILE NO.   332  TIME/TOTAL:      664.045 /    1500.000
   PRINTING FILE NO.   333  TIME/TOTAL:      666.044 /    1500.000
   PRINTING FILE NO.   334  TIME/TOTAL:      668.044 /    1500.000
  PRINTING MEAN FILE    66
   PRINTING FILE NO.   335  TIME/TOTAL:      670.044 /    1500.000
   PRINTING FILE NO.   336  TIME/TOTAL:      672.046 /    1500.000
   PRINTING FILE NO.   337  TIME/TOTAL:      674.044 /    1500.000
   PRINTING FILE NO.   338  TIME/TOTAL:      676.048 /    1500.000
   PRINTING FILE NO.   339  TIME/TOTAL:      678.046 /    1500.000
  PRINTING MEAN FILE    67
   PRINTING FILE NO.   340  TIME/TOTAL:      680.053 /    1500.000
   PRINTING FILE NO.   341  TIME/TOTAL:      682.048 /    1500.000
   PRINTING FILE NO.   342  TIME/TOTAL:      684.048 /    1500.000
   PRINTING FILE NO.   343  TIME/TOTAL:      686.052 /    1500.000
   PRINTING FILE NO.   344  TIME/TOTAL:      688.046 /    1500.000
  PRINTING MEAN FILE    68
   PRINTING FILE NO.   345  TIME/TOTAL:      690.049 /    1500.000
   PRINTING FILE NO.   346  TIME/TOTAL:      692.050 /    1500.000
   PRINTING FILE NO.   347  TIME/TOTAL:      694.049 /    1500.000
   PRINTING FILE NO.   348  TIME/TOTAL:      696.054 /    1500.000
   PRINTING FILE NO.   349  TIME/TOTAL:      698.050 /    1500.000
  PRINTING MEAN FILE    69
 ----------------- STATISTICS ----------------
  TIME        DT
  0.7000E+03  0.2626E-02
  MassVolume  Energy      MaxEta      MinEta      Max U       Max V 
 -0.1137E+01  0.1670E+04  0.2206E+00 -0.1744E+00  0.1085E+01  0.7653E+00
  MaxTotalU   PhaseS      Froude      WetDryMass
  0.1093E+01  0.1831E+01  0.5972E+00 -0.1084E+00
   PRINTING FILE NO.   350  TIME/TOTAL:      700.050 /    1500.000
 WRITE OUT STATAION ...
 WRITE OUT STATAION ...
 WRITE OUT STATAION ...
 WRITE OUT STATAION ...
 WRITE OUT STATAION ...
 WRITE OUT STATAION ...
   PRINTING FILE NO.   351  TIME/TOTAL:      702.054 /    1500.000
   PRINTING FILE NO.   352  TIME/TOTAL:      704.052 /    1500.000
   PRINTING FILE NO.   353  TIME/TOTAL:      706.050 /    1500.000
   PRINTING FILE NO.   354  TIME/TOTAL:      708.051 /    1500.000
  PRINTING MEAN FILE    70
   PRINTING FILE NO.   355  TIME/TOTAL:      710.054 /    1500.000
   PRINTING FILE NO.   356  TIME/TOTAL:      712.050 /    1500.000
   PRINTING FILE NO.   357  TIME/TOTAL:      714.050 /    1500.000
   PRINTING FILE NO.   358  TIME/TOTAL:      716.050 /    1500.000
   PRINTING FILE NO.   359  TIME/TOTAL:      718.052 /    1500.000
  PRINTING MEAN FILE    71
   PRINTING FILE NO.   360  TIME/TOTAL:      720.053 /    1500.000
   PRINTING FILE NO.   361  TIME/TOTAL:      722.057 /    1500.000
   PRINTING FILE NO.   362  TIME/TOTAL:      724.054 /    1500.000
   PRINTING FILE NO.   363  TIME/TOTAL:      726.052 /    1500.000
   PRINTING FILE NO.   364  TIME/TOTAL:      728.054 /    1500.000
  PRINTING MEAN FILE    72
   PRINTING FILE NO.   365  TIME/TOTAL:      730.052 /    1500.000
   PRINTING FILE NO.   366  TIME/TOTAL:      732.054 /    1500.000
   PRINTING FILE NO.   367  TIME/TOTAL:      734.055 /    1500.000
   PRINTING FILE NO.   368  TIME/TOTAL:      736.049 /    1500.000
   PRINTING FILE NO.   369  TIME/TOTAL:      738.050 /    1500.000
  PRINTING MEAN FILE    73
   PRINTING FILE NO.   370  TIME/TOTAL:      740.048 /    1500.000
   PRINTING FILE NO.   371  TIME/TOTAL:      742.051 /    1500.000
   PRINTING FILE NO.   372  TIME/TOTAL:      744.056 /    1500.000
   PRINTING FILE NO.   373  TIME/TOTAL:      746.055 /    1500.000
   PRINTING FILE NO.   374  TIME/TOTAL:      748.054 /    1500.000
  PRINTING MEAN FILE    74
   PRINTING FILE NO.   375  TIME/TOTAL:      750.055 /    1500.000
   PRINTING FILE NO.   376  TIME/TOTAL:      752.053 /    1500.000
   PRINTING FILE NO.   377  TIME/TOTAL:      754.059 /    1500.000
   PRINTING FILE NO.   378  TIME/TOTAL:      756.058 /    1500.000
   PRINTING FILE NO.   379  TIME/TOTAL:      758.056 /    1500.000
  PRINTING MEAN FILE    75
   PRINTING FILE NO.   380  TIME/TOTAL:      760.058 /    1500.000
   PRINTING FILE NO.   381  TIME/TOTAL:      762.058 /    1500.000
   PRINTING FILE NO.   382  TIME/TOTAL:      764.059 /    1500.000
   PRINTING FILE NO.   383  TIME/TOTAL:      766.055 /    1500.000
   PRINTING FILE NO.   384  TIME/TOTAL:      768.058 /    1500.000
  PRINTING MEAN FILE    76
   PRINTING FILE NO.   385  TIME/TOTAL:      770.058 /    1500.000
   PRINTING FILE NO.   386  TIME/TOTAL:      772.059 /    1500.000
   PRINTING FILE NO.   387  TIME/TOTAL:      774.057 /    1500.000
   PRINTING FILE NO.   388  TIME/TOTAL:      776.059 /    1500.000
   PRINTING FILE NO.   389  TIME/TOTAL:      778.061 /    1500.000
  PRINTING MEAN FILE    77
   PRINTING FILE NO.   390  TIME/TOTAL:      780.070 /    1500.000
   PRINTING FILE NO.   391  TIME/TOTAL:      782.069 /    1500.000
   PRINTING FILE NO.   392  TIME/TOTAL:      784.067 /    1500.000
   PRINTING FILE NO.   393  TIME/TOTAL:      786.067 /    1500.000
   PRINTING FILE NO.   394  TIME/TOTAL:      788.071 /    1500.000
  PRINTING MEAN FILE    78
   PRINTING FILE NO.   395  TIME/TOTAL:      790.069 /    1500.000
   PRINTING FILE NO.   396  TIME/TOTAL:      792.068 /    1500.000
   PRINTING FILE NO.   397  TIME/TOTAL:      794.063 /    1500.000
   PRINTING FILE NO.   398  TIME/TOTAL:      796.064 /    1500.000
   PRINTING FILE NO.   399  TIME/TOTAL:      798.063 /    1500.000
  PRINTING MEAN FILE    79
 ----------------- STATISTICS ----------------
  TIME        DT
  0.8001E+03  0.2556E-02
  MassVolume  Energy      MaxEta      MinEta      Max U       Max V 
  0.2318E+01  0.1699E+04  0.2730E+00 -0.1952E+00  0.8006E+00  0.6518E+00
  MaxTotalU   PhaseS      Froude      WetDryMass
  0.8094E+00  0.1946E+01  0.4159E+00 -0.7185E-01
   PRINTING FILE NO.   400  TIME/TOTAL:      800.068 /    1500.000
 WRITE OUT STATAION ...
 WRITE OUT STATAION ...
 WRITE OUT STATAION ...
 WRITE OUT STATAION ...
 WRITE OUT STATAION ...
 WRITE OUT STATAION ...
   PRINTING FILE NO.   401  TIME/TOTAL:      802.069 /    1500.000
   PRINTING FILE NO.   402  TIME/TOTAL:      804.072 /    1500.000
   PRINTING FILE NO.   403  TIME/TOTAL:      806.069 /    1500.000
   PRINTING FILE NO.   404  TIME/TOTAL:      808.067 /    1500.000
  PRINTING MEAN FILE    80
   PRINTING FILE NO.   405  TIME/TOTAL:      810.067 /    1500.000
   PRINTING FILE NO.   406  TIME/TOTAL:      812.071 /    1500.000
   PRINTING FILE NO.   407  TIME/TOTAL:      814.067 /    1500.000
   PRINTING FILE NO.   408  TIME/TOTAL:      816.065 /    1500.000
   PRINTING FILE NO.   409  TIME/TOTAL:      818.063 /    1500.000
  PRINTING MEAN FILE    81
   PRINTING FILE NO.   410  TIME/TOTAL:      820.058 /    1500.000
   PRINTING FILE NO.   411  TIME/TOTAL:      822.059 /    1500.000
   PRINTING FILE NO.   412  TIME/TOTAL:      824.065 /    1500.000
   PRINTING FILE NO.   413  TIME/TOTAL:      826.068 /    1500.000
   PRINTING FILE NO.   414  TIME/TOTAL:      828.073 /    1500.000
  PRINTING MEAN FILE    82
   PRINTING FILE NO.   415  TIME/TOTAL:      830.068 /    1500.000
   PRINTING FILE NO.   416  TIME/TOTAL:      832.067 /    1500.000
   PRINTING FILE NO.   417  TIME/TOTAL:      834.067 /    1500.000
   PRINTING FILE NO.   418  TIME/TOTAL:      836.067 /    1500.000
   PRINTING FILE NO.   419  TIME/TOTAL:      838.069 /    1500.000
  PRINTING MEAN FILE    83
   PRINTING FILE NO.   420  TIME/TOTAL:      840.071 /    1500.000
   PRINTING FILE NO.   421  TIME/TOTAL:      842.071 /    1500.000
   PRINTING FILE NO.   422  TIME/TOTAL:      844.069 /    1500.000
   PRINTING FILE NO.   423  TIME/TOTAL:      846.071 /    1500.000
   PRINTING FILE NO.   424  TIME/TOTAL:      848.064 /    1500.000
  PRINTING MEAN FILE    84
   PRINTING FILE NO.   425  TIME/TOTAL:      850.063 /    1500.000
   PRINTING FILE NO.   426  TIME/TOTAL:      852.060 /    1500.000
   PRINTING FILE NO.   427  TIME/TOTAL:      854.062 /    1500.000
   PRINTING FILE NO.   428  TIME/TOTAL:      856.057 /    1500.000
   PRINTING FILE NO.   429  TIME/TOTAL:      858.056 /    1500.000
  PRINTING MEAN FILE    85
   PRINTING FILE NO.   430  TIME/TOTAL:      860.055 /    1500.000
   PRINTING FILE NO.   431  TIME/TOTAL:      862.056 /    1500.000
   PRINTING FILE NO.   432  TIME/TOTAL:      864.060 /    1500.000
   PRINTING FILE NO.   433  TIME/TOTAL:      866.056 /    1500.000
   PRINTING FILE NO.   434  TIME/TOTAL:      868.055 /    1500.000
  PRINTING MEAN FILE    86
   PRINTING FILE NO.   435  TIME/TOTAL:      870.057 /    1500.000
   PRINTING FILE NO.   436  TIME/TOTAL:      872.059 /    1500.000
   PRINTING FILE NO.   437  TIME/TOTAL:      874.064 /    1500.000
   PRINTING FILE NO.   438  TIME/TOTAL:      876.063 /    1500.000
   PRINTING FILE NO.   439  TIME/TOTAL:      878.065 /    1500.000
  PRINTING MEAN FILE    87
   PRINTING FILE NO.   440  TIME/TOTAL:      880.061 /    1500.000
   PRINTING FILE NO.   441  TIME/TOTAL:      882.067 /    1500.000
   PRINTING FILE NO.   442  TIME/TOTAL:      884.063 /    1500.000
   PRINTING FILE NO.   443  TIME/TOTAL:      886.058 /    1500.000
   PRINTING FILE NO.   444  TIME/TOTAL:      888.060 /    1500.000
  PRINTING MEAN FILE    88
   PRINTING FILE NO.   445  TIME/TOTAL:      890.056 /    1500.000
   PRINTING FILE NO.   446  TIME/TOTAL:      892.060 /    1500.000
   PRINTING FILE NO.   447  TIME/TOTAL:      894.062 /    1500.000
   PRINTING FILE NO.   448  TIME/TOTAL:      896.062 /    1500.000
   PRINTING FILE NO.   449  TIME/TOTAL:      898.059 /    1500.000
  PRINTING MEAN FILE    89
   PRINTING FILE NO.   450  TIME/TOTAL:      900.059 /    1500.000
 ----------------- STATISTICS ----------------
  TIME        DT
  0.9001E+03  0.2536E-02
  MassVolume  Energy      MaxEta      MinEta      Max U       Max V 
 -0.9653E+00  0.1669E+04  0.2829E+00 -0.1706E+00  0.7620E+00  0.8348E+00
  MaxTotalU   PhaseS      Froude      WetDryMass
  0.9710E+00  0.1377E+01  0.7050E+00 -0.9306E-01
 WRITE OUT STATAION ...
 WRITE OUT STATAION ...
 WRITE OUT STATAION ...
 WRITE OUT STATAION ...
 WRITE OUT STATAION ...
 WRITE OUT STATAION ...
   PRINTING FILE NO.   451  TIME/TOTAL:      902.059 /    1500.000
   PRINTING FILE NO.   452  TIME/TOTAL:      904.059 /    1500.000
   PRINTING FILE NO.   453  TIME/TOTAL:      906.058 /    1500.000
   PRINTING FILE NO.   454  TIME/TOTAL:      908.053 /    1500.000
  PRINTING MEAN FILE    90
   PRINTING FILE NO.   455  TIME/TOTAL:      910.054 /    1500.000
   PRINTING FILE NO.   456  TIME/TOTAL:      912.049 /    1500.000
   PRINTING FILE NO.   457  TIME/TOTAL:      914.052 /    1500.000
   PRINTING FILE NO.   458  TIME/TOTAL:      916.056 /    1500.000
   PRINTING FILE NO.   459  TIME/TOTAL:      918.054 /    1500.000
  PRINTING MEAN FILE    91
   PRINTING FILE NO.   460  TIME/TOTAL:      920.049 /    1500.000
   PRINTING FILE NO.   461  TIME/TOTAL:      922.041 /    1500.000
   PRINTING FILE NO.   462  TIME/TOTAL:      924.039 /    1500.000
   PRINTING FILE NO.   463  TIME/TOTAL:      926.041 /    1500.000
   PRINTING FILE NO.   464  TIME/TOTAL:      928.037 /    1500.000
  PRINTING MEAN FILE    92
   PRINTING FILE NO.   465  TIME/TOTAL:      930.039 /    1500.000
   PRINTING FILE NO.   466  TIME/TOTAL:      932.038 /    1500.000
   PRINTING FILE NO.   467  TIME/TOTAL:      934.044 /    1500.000
   PRINTING FILE NO.   468  TIME/TOTAL:      936.046 /    1500.000
   PRINTING FILE NO.   469  TIME/TOTAL:      938.042 /    1500.000
  PRINTING MEAN FILE    93
   PRINTING FILE NO.   470  TIME/TOTAL:      940.040 /    1500.000
   PRINTING FILE NO.   471  TIME/TOTAL:      942.039 /    1500.000
   PRINTING FILE NO.   472  TIME/TOTAL:      944.039 /    1500.000
   PRINTING FILE NO.   473  TIME/TOTAL:      946.034 /    1500.000
   PRINTING FILE NO.   474  TIME/TOTAL:      948.037 /    1500.000
  PRINTING MEAN FILE    94
   PRINTING FILE NO.   475  TIME/TOTAL:      950.030 /    1500.000
   PRINTING FILE NO.   476  TIME/TOTAL:      952.035 /    1500.000
   PRINTING FILE NO.   477  TIME/TOTAL:      954.038 /    1500.000
   PRINTING FILE NO.   478  TIME/TOTAL:      956.039 /    1500.000
   PRINTING FILE NO.   479  TIME/TOTAL:      958.041 /    1500.000
  PRINTING MEAN FILE    95
   PRINTING FILE NO.   480  TIME/TOTAL:      960.042 /    1500.000
   PRINTING FILE NO.   481  TIME/TOTAL:      962.048 /    1500.000
   PRINTING FILE NO.   482  TIME/TOTAL:      964.053 /    1500.000
   PRINTING FILE NO.   483  TIME/TOTAL:      966.055 /    1500.000
   PRINTING FILE NO.   484  TIME/TOTAL:      968.053 /    1500.000
  PRINTING MEAN FILE    96
   PRINTING FILE NO.   485  TIME/TOTAL:      970.055 /    1500.000
   PRINTING FILE NO.   486  TIME/TOTAL:      972.047 /    1500.000
   PRINTING FILE NO.   487  TIME/TOTAL:      974.043 /    1500.000
   PRINTING FILE NO.   488  TIME/TOTAL:      976.043 /    1500.000
   PRINTING FILE NO.   489  TIME/TOTAL:      978.048 /    1500.000
  PRINTING MEAN FILE    97
   PRINTING FILE NO.   490  TIME/TOTAL:      980.046 /    1500.000
   PRINTING FILE NO.   491  TIME/TOTAL:      982.046 /    1500.000
   PRINTING FILE NO.   492  TIME/TOTAL:      984.044 /    1500.000
   PRINTING FILE NO.   493  TIME/TOTAL:      986.047 /    1500.000
   PRINTING FILE NO.   494  TIME/TOTAL:      988.047 /    1500.000
  PRINTING MEAN FILE    98
   PRINTING FILE NO.   495  TIME/TOTAL:      990.050 /    1500.000
   PRINTING FILE NO.   496  TIME/TOTAL:      992.051 /    1500.000
   PRINTING FILE NO.   497  TIME/TOTAL:      994.047 /    1500.000
   PRINTING FILE NO.   498  TIME/TOTAL:      996.050 /    1500.000
   PRINTING FILE NO.   499  TIME/TOTAL:      998.047 /    1500.000
  PRINTING MEAN FILE    99
 ----------------- STATISTICS ----------------
  TIME        DT
  0.1000E+04  0.2712E-02
  MassVolume  Energy      MaxEta      MinEta      Max U       Max V 
  0.1689E+01  0.1692E+04  0.2342E+00 -0.2507E+00  0.9853E+00  0.8709E+00
  MaxTotalU   PhaseS      Froude      WetDryMass
  0.1214E+01  0.1214E+01  0.1000E+01 -0.1113E+00
   PRINTING FILE NO.   500  TIME/TOTAL:     1000.049 /    1500.000
 WRITE OUT STATAION ...
 WRITE OUT STATAION ...
 WRITE OUT STATAION ...
 WRITE OUT STATAION ...
 WRITE OUT STATAION ...
 WRITE OUT STATAION ...
   PRINTING FILE NO.   501  TIME/TOTAL:     1002.044 /    1500.000
   PRINTING FILE NO.   502  TIME/TOTAL:     1004.045 /    1500.000
   PRINTING FILE NO.   503  TIME/TOTAL:     1006.043 /    1500.000
   PRINTING FILE NO.   504  TIME/TOTAL:     1008.043 /    1500.000
  PRINTING MEAN FILE   100
   PRINTING FILE NO.   505  TIME/TOTAL:     1010.041 /    1500.000
   PRINTING FILE NO.   506  TIME/TOTAL:     1012.046 /    1500.000
