  0.0000000E+00  0.0000000E+00
   2.002306      2.4750764E-03
   4.000461      2.7018443E-03
   6.001109      2.6349504E-03
   8.000785      2.5815819E-03
   10.00144      2.5983064E-03
   12.00044      2.7127217E-03
   14.00211      2.5932712E-03
   16.00095      2.5621790E-03
   18.00216      2.7079009E-03
   20.00145      2.6170888E-03
   22.00235      2.6643232E-03
   24.00150      2.6617455E-03
   26.00099      2.6893027E-03
   28.00138      2.5187810E-03
   30.00008      2.5590588E-03
   32.00134      2.6480865E-03
   34.00041      2.6627586E-03
   36.00100      2.5711067E-03
   38.00010      2.5438250E-03
   40.00080      2.6747631E-03
   42.00233      2.6209129E-03
   44.00113      2.5632333E-03
   46.00034      2.6662485E-03
   48.00149      2.7034476E-03
   50.00093      2.6552381E-03
   52.00076      2.6302913E-03
   54.00161      2.7228771E-03
   56.00071      2.6575383E-03
   58.00050      2.5771677E-03
   60.00081      2.5706487E-03
   62.00067      2.5594847E-03
   64.00180      2.6699565E-03
   66.00262      2.6068275E-03
   68.00254      2.6970271E-03
   70.00256      2.6777831E-03
   72.00123      2.6305905E-03
   74.00060      2.6690662E-03
   76.00117      2.7158954E-03
   78.00056      2.6939034E-03
   80.00072      2.6467119E-03
   82.00121      2.7038266E-03
   84.00130      2.6793014E-03
   86.00177      2.5175952E-03
   88.00270      2.5221363E-03
   90.00207      2.5412622E-03
   92.00316      2.6711801E-03
   94.00084      2.5712657E-03
   96.00236      2.6716613E-03
   98.00109      2.6811024E-03
   100.0025      2.6416010E-03
   102.0010      2.5994827E-03
   104.0015      2.6112790E-03
   106.0029      2.7475264E-03
   108.0020      2.6551876E-03
   110.0023      2.5994207E-03
   112.0013      2.6782572E-03
   114.0007      2.5736075E-03
   116.0031      2.5544825E-03
   118.0020      2.5864369E-03
   120.0031      2.5650107E-03
   122.0012      2.6590570E-03
   124.0025      2.6324263E-03
   126.0020      2.6086117E-03
   128.0024      2.6271101E-03
   130.0017      2.5592668E-03
   132.0027      2.6416774E-03
   134.0010      2.5180769E-03
   136.0031      2.7118674E-03
   138.0025      2.6358827E-03
   140.0025      2.5812995E-03
   142.0036      2.6728839E-03
   144.0018      2.6164663E-03
   146.0031      2.5290342E-03
   148.0011      2.6227960E-03
   150.0018      2.6084508E-03
   152.0029      2.6873415E-03
   154.0034      2.5709553E-03
   156.0041      2.5144196E-03
   158.0026      2.5880740E-03
   160.0039      2.6301325E-03
   162.0022      2.7235178E-03
   164.0032      2.5895685E-03
   166.0049      2.7377063E-03
   168.0046      2.6777342E-03
   170.0036      2.5978510E-03
   172.0039      2.5817202E-03
   174.0042      2.5938719E-03
   176.0047      2.6001497E-03
   178.0049      2.6216011E-03
   180.0039      2.6441680E-03
   182.0037      2.6552284E-03
   184.0049      2.6432716E-03
   186.0060      2.4783111E-03
   188.0061      2.6317700E-03
   190.0061      2.6088362E-03
   192.0065      2.6726704E-03
   194.0055      2.6712082E-03
   196.0047      2.6262486E-03
   198.0061      2.6664375E-03
   200.0050      2.5435074E-03
   202.0055      2.6490798E-03
   204.0053      2.5392510E-03
   206.0071      2.6655437E-03
   208.0060      2.5479430E-03
   210.0053      2.7061305E-03
   212.0058      2.7155979E-03
   214.0041      2.5145826E-03
   216.0050      2.6450658E-03
   218.0058      2.5721432E-03
   220.0064      2.6623807E-03
   222.0052      2.6988711E-03
   224.0075      2.7036199E-03
   226.0060      2.5952447E-03
   228.0072      2.6216842E-03
   230.0076      2.5071239E-03
   232.0058      2.4373287E-03
   234.0076      2.6055144E-03
   236.0082      2.6454595E-03
   238.0074      2.7186992E-03
   240.0074      2.6927295E-03
   242.0083      2.6775706E-03
   244.0070      2.5013925E-03
   246.0068      2.5703232E-03
   248.0066      2.6602845E-03
   250.0070      2.4745190E-03
   252.0064      2.5847172E-03
   254.0075      2.6894603E-03
   256.0074      2.6141133E-03
   258.0092      2.6278528E-03
   260.0073      2.6196612E-03
   262.0082      2.5893338E-03
   264.0078      2.5570130E-03
   266.0082      2.6634824E-03
   268.0093      2.6764558E-03
   270.0082      2.6322366E-03
   272.0086      2.6167165E-03
   274.0089      2.5371108E-03
   276.0114      2.6569355E-03
   278.0110      2.5698764E-03
   280.0110      2.6741514E-03
   282.0099      2.6489457E-03
   284.0145      2.6334394E-03
   286.0136      2.6333095E-03
   288.0128      2.6675581E-03
   290.0137      2.5226558E-03
   292.0136      2.5413099E-03
   294.0130      2.6628596E-03
   296.0151      2.6793168E-03
   298.0145      2.6871054E-03
   300.0168      2.6830051E-03
   302.0154      2.6568226E-03
   304.0173      2.5887503E-03
   306.0152      2.5845866E-03
   308.0141      2.6534644E-03
   310.0143      2.5566230E-03
   312.0134      2.6976580E-03
   314.0140      2.6285602E-03
   316.0139      2.6961591E-03
   318.0129      2.5151556E-03
   320.0132      2.5598838E-03
   322.0121      2.5590158E-03
   324.0126      2.6426401E-03
   326.0141      2.6011439E-03
   328.0148      2.5262798E-03
   330.0151      2.6734823E-03
   332.0141      2.5609105E-03
   334.0135      2.6390830E-03
   336.0127      2.6913020E-03
   338.0147      2.6747151E-03
   340.0157      2.5340624E-03
   342.0157      2.5869457E-03
   344.0157      2.6598456E-03
   346.0137      2.6515203E-03
   348.0139      2.6497629E-03
   350.0138      2.6080874E-03
   352.0105      2.5964640E-03
   354.0101      2.6615991E-03
   356.0114      2.6245734E-03
   358.0121      2.5263277E-03
   360.0119      2.5873107E-03
   362.0123      2.6090362E-03
   364.0123      2.5473698E-03
   366.0112      2.4724777E-03
   368.0109      2.6901341E-03
   370.0109      2.7533283E-03
   372.0096      2.6586095E-03
   374.0089      2.6480451E-03
   376.0098      2.6596505E-03
   378.0084      2.4872329E-03
   380.0086      2.4329454E-03
   382.0091      2.6289723E-03
   384.0074      2.6677633E-03
   386.0070      2.5960046E-03
   388.0102      2.6051984E-03
   390.0084      2.6800830E-03
   392.0092      2.5600945E-03
   394.0074      2.4552834E-03
   396.0088      2.7212768E-03
   398.0099      2.6530994E-03
   400.0074      2.6237075E-03
   402.0089      2.6468097E-03
   404.0092      2.6709463E-03
   406.0081      2.6357225E-03
   408.0107      2.4892495E-03
   410.0114      2.6243709E-03
   412.0115      2.6871413E-03
   414.0117      2.5613268E-03
   416.0137      2.6563737E-03
   418.0141      2.6404874E-03
   420.0145      2.5433500E-03
   422.0136      2.5607848E-03
   424.0147      2.5849757E-03
   426.0156      2.6628757E-03
   428.0149      2.6509140E-03
   430.0149      2.6459896E-03
   432.0154      2.6828111E-03
   434.0156      2.6232994E-03
   436.0142      2.6343565E-03
   438.0142      2.5698792E-03
   440.0163      2.6097256E-03
   442.0136      2.5963583E-03
   444.0133      2.6154669E-03
   446.0150      2.7124665E-03
   448.0153      2.6153310E-03
   450.0160      2.6178283E-03
   452.0172      2.6050347E-03
   454.0173      2.6505096E-03
   456.0181      2.6341195E-03
   458.0172      2.7061859E-03
   460.0179      2.7318650E-03
   462.0162      2.6770285E-03
   464.0164      2.7074094E-03
   466.0159      2.6901774E-03
   468.0132      2.5401714E-03
   470.0153      2.5752250E-03
   472.0140      2.7280832E-03
   474.0128      2.5701418E-03
   476.0133      2.6869299E-03
   478.0143      2.6642911E-03
   480.0141      2.7018164E-03
   482.0162      2.6219559E-03
   484.0163      2.7179427E-03
   486.0154      2.7275167E-03
   488.0158      2.5966328E-03
   490.0161      2.6914410E-03
   492.0159      2.5880481E-03
   494.0148      2.6484139E-03
   496.0151      2.5400140E-03
   498.0141      2.4922898E-03
   500.0134      2.6919504E-03
   502.0133      2.6483971E-03
   504.0152      2.6779529E-03
   506.0168      2.6877045E-03
   508.0146      2.5753826E-03
   510.0137      2.5197270E-03
   512.0128      2.5241524E-03
   514.0151      2.6649346E-03
   516.0220      2.6725989E-03
   518.0229      2.5616686E-03
   520.0250      2.5983269E-03
   522.0204      2.5186979E-03
   524.0262      2.5221524E-03
   526.0222      2.6632042E-03
   528.0221      2.5591657E-03
   530.0186      2.6408653E-03
   532.0238      2.6003814E-03
   534.0242      2.6091437E-03
   536.0268      2.6103770E-03
   538.0242      2.6043500E-03
   540.0194      2.6305974E-03
   542.0229      2.5387425E-03
   544.0225      2.5955548E-03
   546.0193      2.6346750E-03
   548.0157      2.6560463E-03
   550.0128      2.6302671E-03
   552.0150      2.6405989E-03
   554.0125      2.5837170E-03
   556.0098      2.6532761E-03
   558.0058      2.5682140E-03
   560.0093      2.6986878E-03
   562.0038      2.6987321E-03
   564.0062      2.6018533E-03
   566.0055      2.6237115E-03
   568.0087      2.6048755E-03
   570.0124      2.6519778E-03
   572.0128      2.6715752E-03
   574.0100      2.6748849E-03
   576.0090      2.7016613E-03
   578.0162      2.6203527E-03
   580.0151      2.5566118E-03
   582.0127      2.6560947E-03
   584.0137      2.6139854E-03
   586.0141      2.7107513E-03
   588.0094      2.5712326E-03
   590.0113      2.7446544E-03
   592.0123      2.6859527E-03
   594.0083      2.5929324E-03
   596.0077      2.5597226E-03
   598.0078      2.6067717E-03
   600.0063      2.6584899E-03
   602.0088      2.5705644E-03
   604.0039      2.6685547E-03
   606.0059      2.6662208E-03
   608.0075      2.6381339E-03
   610.0079      2.4787283E-03
   612.0135      2.4915054E-03
   614.0131      2.6388112E-03
   616.0185      2.6769233E-03
   618.0166      2.6723582E-03
   620.0146      2.6793745E-03
   622.0177      2.7052849E-03
   624.0165      2.5882970E-03
   626.0182      2.5386424E-03
   628.0226      2.5978459E-03
   630.0182      2.5599659E-03
   632.0204      2.6545336E-03
   634.0206      2.6033202E-03
   636.0158      2.7106821E-03
   638.0189      2.6487445E-03
   640.0190      2.6671754E-03
   642.0220      2.6286759E-03
   644.0234      2.6687437E-03
   646.0292      2.6452679E-03
   648.0250      2.6690455E-03
   650.0322      2.7510102E-03
   652.0332      2.5867203E-03
   654.0354      2.6065023E-03
   656.0425      2.7265085E-03
   658.0446      2.6546267E-03
   660.0443      2.6069246E-03
   662.0438      2.6066101E-03
   664.0447      2.7030564E-03
   666.0436      2.6520924E-03
   668.0436      2.5911762E-03
   670.0441      2.6405293E-03
   672.0461      2.5900449E-03
   674.0436      2.7700893E-03
   676.0483      2.6680192E-03
   678.0460      2.6778050E-03
   680.0526      2.6658680E-03
   682.0475      2.6533357E-03
   684.0475      2.5315369E-03
   686.0525      2.6748555E-03
   688.0462      2.6059679E-03
   690.0494      2.6581185E-03
   692.0500      2.5946589E-03
   694.0490      2.6471152E-03
   696.0537      2.5595408E-03
   698.0499      2.6110604E-03
   700.0498      2.6263539E-03
   702.0541      2.6813701E-03
   704.0522      2.5811947E-03
   706.0497      2.5860339E-03
   708.0514      2.6209226E-03
   710.0536      2.6269476E-03
   712.0504      2.6007020E-03
   714.0504      2.6631351E-03
   716.0499      2.6786935E-03
   718.0525      2.5967064E-03
   720.0528      2.5858821E-03
   722.0571      2.6303583E-03
   724.0538      2.6474753E-03
   726.0522      2.5430070E-03
   728.0544      2.4735786E-03
   730.0524      2.5929878E-03
   732.0541      2.6532812E-03
   734.0551      2.7096283E-03
   736.0485      2.6151943E-03
   738.0496      2.5953813E-03
   740.0482      2.6694699E-03
   742.0508      2.6029146E-03
   744.0562      2.4324462E-03
   746.0549      2.5554062E-03
   748.0539      2.7342716E-03
   750.0552      2.7041042E-03
   752.0527      2.5553289E-03
   754.0586      2.5359129E-03
   756.0584      2.6287390E-03
   758.0556      2.4098286E-03
   760.0577      2.5978561E-03
   762.0582      2.7044294E-03
   764.0590      2.6215608E-03
   766.0553      2.6563078E-03
   768.0582      2.6518402E-03
   770.0579      2.6647875E-03
   772.0593      2.4892788E-03
   774.0574      2.6266037E-03
   776.0593      2.6423456E-03
   778.0615      2.6576468E-03
   780.0699      2.6831557E-03
   782.0687      2.6351281E-03
   784.0674      2.6260545E-03
   786.0670      2.5403469E-03
   788.0712      2.6624731E-03
   790.0693      2.6226323E-03
   792.0677      2.5316365E-03
   794.0631      2.6512982E-03
   796.0637      2.6328403E-03
   798.0634      2.6046883E-03
   800.0682      2.5561659E-03
   802.0691      2.5563182E-03
   804.0719      2.6879960E-03
   806.0686      2.5521200E-03
   808.0672      2.7226065E-03
   810.0674      2.7002974E-03
   812.0712      2.6341246E-03
   814.0668      2.6425447E-03
   816.0654      2.6489804E-03
   818.0627      2.6489093E-03
   820.0578      2.5886323E-03
   822.0588      2.6313371E-03
   824.0651      2.6570684E-03
   826.0683      2.6680578E-03
   828.0732      2.5632323E-03
   830.0682      2.5577478E-03
   832.0673      2.6136253E-03
   834.0665      2.6665367E-03
   836.0670      2.6132953E-03
   838.0690      2.6666161E-03
   840.0709      2.6621851E-03
   842.0706      2.6196730E-03
   844.0693      2.5882677E-03
   846.0706      2.5710256E-03
   848.0640      2.5509947E-03
   850.0626      2.6326587E-03
   852.0602      2.6111810E-03
   854.0625      2.6955714E-03
   856.0568      2.6761217E-03
   858.0557      2.6186749E-03
   860.0547      2.5439903E-03
   862.0561      2.6944501E-03
   864.0603      2.7205949E-03
   866.0564      2.6029057E-03
   868.0548      2.5859037E-03
   870.0569      2.5983758E-03
   872.0593      2.6344585E-03
   874.0644      2.6141303E-03
   876.0627      2.6009006E-03
   878.0652      2.6628890E-03
   880.0614      2.6857732E-03
   882.0667      2.6694466E-03
   884.0630      2.6007688E-03
   886.0576      2.6497496E-03
   888.0601      2.5631161E-03
   890.0563      2.5244558E-03
   892.0601      2.5986105E-03
   894.0624      2.6660282E-03
   896.0621      2.5579999E-03
   898.0591      2.6197308E-03
   900.0587      2.5360945E-03
   902.0587      2.6393817E-03
   904.0591      2.6279078E-03
   906.0585      2.5764324E-03
   908.0530      2.6960284E-03
   910.0538      2.6885713E-03
   912.0490      2.4639491E-03
   914.0516      2.7157778E-03
   916.0563      2.6166893E-03
   918.0538      2.6482295E-03
   920.0485      2.6988478E-03
   922.0410      2.6474451E-03
   924.0394      2.6766593E-03
   926.0407      2.5777842E-03
   928.0372      2.5838648E-03
   930.0394      2.7080760E-03
   932.0383      2.7142193E-03
   934.0444      2.6701235E-03
   936.0456      2.5869552E-03
   938.0419      2.6879092E-03
   940.0397      2.6387447E-03
   942.0388      2.5396256E-03
   944.0392      2.6496355E-03
   946.0339      2.6138609E-03
   948.0375      2.6754325E-03
   950.0298      2.6857487E-03
   952.0355      2.6203301E-03
   954.0383      2.7242177E-03
   956.0391      2.6563192E-03
   958.0410      2.5740524E-03
   960.0421      2.6146933E-03
   962.0482      2.6038617E-03
   964.0530      2.7307493E-03
   966.0554      2.5184245E-03
   968.0526      2.7304066E-03
   970.0549      2.7415715E-03
   972.0472      2.5797721E-03
   974.0430      2.4666747E-03
   976.0425      2.5595545E-03
   978.0476      2.7128900E-03
   980.0463      2.5243831E-03
   982.0457      2.7283214E-03
   984.0444      2.7191732E-03
   986.0473      2.6851620E-03
   988.0471      2.5541133E-03
   990.0499      2.4982882E-03
   992.0507      2.6814963E-03
   994.0466      2.5038177E-03
   996.0499      2.6644026E-03
   998.0471      2.7518694E-03
   1000.049      2.7115641E-03
   1002.044      2.5326011E-03
   1004.045      2.5334852E-03
   1006.043      2.5501854E-03
   1008.043      2.6348762E-03
   1010.041      2.5819547E-03
   1012.046      2.6915465E-03
