The following modules were not unloaded:
  (Use "module --force purge" to unload all):

  1) math   2) devel

The following have been reloaded with a version change:
  1) gcc/6.3.0 => gcc/10.1.0

Lmod Warning:
-------------------------------------------------------------------------------
The following dependent module(s) are not currently loaded: hdf5/1.12.0
(required by: netcdf/4.8.1)
-------------------------------------------------------------------------------




The following have been reloaded with a version change:
  1) cuda/11.5.0 => cuda/10.2.89             4) openmpi/4.1.2 => openmpi/4.0.3
  2) hdf5/1.12.0 => hdf5/1.10.6              5) ucx/1.12.1 => ucx/1.8.1
  3) libfabric/1.14.0 => libfabric/1.9.1

Lmod Warning:
-------------------------------------------------------------------------------
The following dependent module(s) are not currently loaded: hdf5/1.12.0
(required by: netcdf/4.8.1)
-------------------------------------------------------------------------------




The following have been reloaded with a version change:
  1) cuda/10.2.89 => cuda/11.5.0             4) openmpi/4.0.3 => openmpi/4.1.2
  2) hdf5/1.10.6 => hdf5/1.12.2              5) ucx/1.8.1 => ucx/1.12.1
  3) libfabric/1.9.1 => libfabric/1.14.0

Lmod Warning:
-------------------------------------------------------------------------------
The following dependent module(s) are not currently loaded: hdf5/1.12.0
(required by: netcdf/4.8.1)
-------------------------------------------------------------------------------



/home/users/treillou/Configs/IB09_2024
launching croco...
slurmstepd: error: *** JOB 61040918 ON sh03-01n01 CANCELLED AT 2025-03-07T20:00:11 ***
