The following modules were not unloaded:
  (Use "module --force purge" to unload all):

  1) math   2) devel

The following have been reloaded with a version change:
  1) gcc/6.3.0 => gcc/10.1.0

Lmod Warning:
-------------------------------------------------------------------------------
The following dependent module(s) are not currently loaded: hdf5/1.12.0
(required by: netcdf/4.8.1)
-------------------------------------------------------------------------------




The following have been reloaded with a version change:
  1) cuda/11.5.0 => cuda/10.2.89             4) openmpi/4.1.2 => openmpi/4.0.3
  2) hdf5/1.12.0 => hdf5/1.10.6              5) ucx/1.12.1 => ucx/1.8.1
  3) libfabric/1.14.0 => libfabric/1.9.1

Lmod Warning:
-------------------------------------------------------------------------------
The following dependent module(s) are not currently loaded: hdf5/1.12.0
(required by: netcdf/4.8.1)
-------------------------------------------------------------------------------




The following have been reloaded with a version change:
  1) cuda/10.2.89 => cuda/11.5.0             4) openmpi/4.0.3 => openmpi/4.1.2
  2) hdf5/1.10.6 => hdf5/1.12.2              5) ucx/1.8.1 => ucx/1.12.1
  3) libfabric/1.9.1 => libfabric/1.14.0

Lmod Warning:
-------------------------------------------------------------------------------
The following dependent module(s) are not currently loaded: hdf5/1.12.0
(required by: netcdf/4.8.1)
-------------------------------------------------------------------------------



/home/users/treillou/Configs/IB09_2024
Directory already exists.
mkdir: cannot create directory ‘/scratch/users/treillou/test_repeat’: File exists
launching croco...
--------------------------------------------------------------------------
MPI_ABORT was invoked on rank 0 in communicator MPI_COMM_WORLD
with errorcode 99.

NOTE: invoking MPI_ABORT causes Open MPI to kill all MPI processes.
You may or may not see output from other processes, depending on
exactly when Open MPI kills them.
--------------------------------------------------------------------------
[sh03-01n03:21094:0:21094] Caught signal 11 (Segmentation fault: invalid permissions for mapped object at address 0x7f657c919950)
[sh03-01n03.int:16631] 3 more processes have sent help message help-mpi-api.txt / mpi-abort
[sh03-01n03.int:16631] Set MCA parameter "orte_base_help_aggregate" to 0 to see all help / error messages
... croco done
